2025-11-05 08:13:36 - audit_service - INFO - _load_frameworks:176 - ✓ Loaded 10 rules for CIS
2025-11-05 08:13:36 - audit_service - INFO - _load_frameworks:176 - ✓ Loaded 15 rules for ISO27001
2025-11-05 08:13:36 - audit_service - INFO - _load_frameworks:176 - ✓ Loaded 10 rules for RBI
2025-11-05 08:15:00 - audit_service - INFO - _load_frameworks:176 - ✓ Loaded 10 rules for CIS
2025-11-05 08:15:00 - audit_service - INFO - _load_frameworks:176 - ✓ Loaded 15 rules for ISO27001
2025-11-05 08:15:00 - audit_service - INFO - _load_frameworks:176 - ✓ Loaded 10 rules for RBI
2025-11-05 08:15:31 - audit_service - INFO - _load_frameworks:176 - ✓ Loaded 10 rules for CIS
2025-11-05 08:15:31 - audit_service - INFO - _load_frameworks:176 - ✓ Loaded 15 rules for ISO27001
2025-11-05 08:15:31 - audit_service - INFO - _load_frameworks:176 - ✓ Loaded 10 rules for RBI
2025-11-05 08:15:40 - audit_service - INFO - _load_frameworks:176 - ✓ Loaded 10 rules for CIS
2025-11-05 08:15:40 - audit_service - INFO - _load_frameworks:176 - ✓ Loaded 15 rules for ISO27001
2025-11-05 08:15:40 - audit_service - INFO - _load_frameworks:176 - ✓ Loaded 10 rules for RBI
2025-11-05 08:18:39 - audit_service - INFO - _load_frameworks:176 - ✓ Loaded 53 rules for CIS
2025-11-05 08:18:39 - audit_service - INFO - _load_frameworks:176 - ✓ Loaded 60 rules for ISO27001
2025-11-05 08:18:39 - audit_service - INFO - _load_frameworks:176 - ✓ Loaded 59 rules for RBI
2025-11-05 08:19:54 - audit_service - INFO - _load_frameworks:176 - ✓ Loaded 53 rules for CIS
2025-11-05 08:19:54 - audit_service - INFO - _load_frameworks:176 - ✓ Loaded 60 rules for ISO27001
2025-11-05 08:19:54 - audit_service - INFO - _load_frameworks:176 - ✓ Loaded 59 rules for RBI
2025-11-05 12:55:08 - audit_service - INFO - _load_frameworks:176 - ✓ Loaded 53 rules for CIS
2025-11-05 12:55:08 - audit_service - INFO - _load_frameworks:176 - ✓ Loaded 60 rules for ISO27001
2025-11-05 12:55:08 - audit_service - INFO - _load_frameworks:176 - ✓ Loaded 59 rules for RBI
2025-11-05 12:55:57 - audit_service - INFO - _load_frameworks:176 - ✓ Loaded 53 rules for CIS
2025-11-05 12:55:57 - audit_service - INFO - _load_frameworks:176 - ✓ Loaded 60 rules for ISO27001
2025-11-05 12:55:57 - audit_service - INFO - _load_frameworks:176 - ✓ Loaded 59 rules for RBI
2025-11-05 12:58:04 - audit_service - INFO - _load_frameworks:176 - ✓ Loaded 53 rules for CIS
2025-11-05 12:58:04 - audit_service - INFO - _load_frameworks:176 - ✓ Loaded 60 rules for ISO27001
2025-11-05 12:58:04 - audit_service - INFO - _load_frameworks:176 - ✓ Loaded 59 rules for RBI
2025-11-05 13:04:55 - audit_service - INFO - _load_frameworks:176 - ✓ Loaded 53 rules for CIS
2025-11-05 13:04:55 - audit_service - INFO - _load_frameworks:176 - ✓ Loaded 60 rules for ISO27001
2025-11-05 13:04:55 - audit_service - INFO - _load_frameworks:176 - ✓ Loaded 59 rules for RBI
2025-11-05 13:17:57 - audit_service - INFO - _load_frameworks:176 - ✓ Loaded 53 rules for CIS
2025-11-05 13:17:57 - audit_service - INFO - _load_frameworks:176 - ✓ Loaded 60 rules for ISO27001
2025-11-05 13:17:57 - audit_service - INFO - _load_frameworks:176 - ✓ Loaded 59 rules for RBI
2025-11-05 13:21:44 - audit_service - INFO - _load_frameworks:176 - ✓ Loaded 53 rules for CIS
2025-11-05 13:21:44 - audit_service - INFO - _load_frameworks:176 - ✓ Loaded 60 rules for ISO27001
2025-11-05 13:21:44 - audit_service - INFO - _load_frameworks:176 - ✓ Loaded 59 rules for RBI
2025-11-05 13:21:44 - audit_service - INFO - audit_compliance:197 - 🔍 Starting audit for Collected System
2025-11-05 13:21:44 - audit_service - INFO - audit_compliance:215 -   📋 Auditing ISO27001...
2025-11-05 13:21:44 - audit_service - INFO - audit_compliance:232 -     ✓ ISO27001: 0.0% (0/60 passed)
2025-11-05 13:21:44 - audit_service - INFO - audit_compliance:215 -   📋 Auditing RBI...
2025-11-05 13:21:44 - audit_service - INFO - audit_compliance:232 -     ✓ RBI: 3.1% (2/59 passed)
2025-11-05 13:21:44 - audit_service - INFO - audit_compliance:215 -   📋 Auditing CIS...
2025-11-05 13:21:44 - audit_service - INFO - audit_compliance:232 -     ✓ CIS: 3.6% (2/53 passed)
2025-11-06 14:05:28 - audit_service - INFO - _load_frameworks:176 - ✓ Loaded 53 rules for CIS
2025-11-06 14:05:28 - audit_service - INFO - _load_frameworks:176 - ✓ Loaded 60 rules for ISO27001
2025-11-06 14:05:28 - audit_service - INFO - _load_frameworks:176 - ✓ Loaded 59 rules for RBI
2025-11-06 23:00:53 - audit_service - INFO - _load_frameworks:176 - ✓ Loaded 53 rules for CIS
2025-11-06 23:00:53 - audit_service - INFO - _load_frameworks:176 - ✓ Loaded 60 rules for ISO27001
2025-11-06 23:00:53 - audit_service - INFO - _load_frameworks:176 - ✓ Loaded 59 rules for RBI
2025-11-08 14:00:27 - audit_service - INFO - _load_frameworks:176 - ✓ Loaded 53 rules for CIS
2025-11-08 14:00:27 - audit_service - INFO - _load_frameworks:176 - ✓ Loaded 60 rules for ISO27001
2025-11-08 14:00:27 - audit_service - INFO - _load_frameworks:176 - ✓ Loaded 59 rules for RBI
2025-11-08 14:06:33 - audit_service - INFO - _load_frameworks:176 - ✓ Loaded 53 rules for CIS
2025-11-08 14:06:33 - audit_service - INFO - _load_frameworks:176 - ✓ Loaded 60 rules for ISO27001
2025-11-08 14:06:34 - audit_service - INFO - _load_frameworks:176 - ✓ Loaded 59 rules for RBI
2025-11-08 14:07:31 - audit_service - INFO - _load_frameworks:176 - ✓ Loaded 53 rules for CIS
2025-11-08 14:07:31 - audit_service - INFO - _load_frameworks:176 - ✓ Loaded 60 rules for ISO27001
2025-11-08 14:07:31 - audit_service - INFO - _load_frameworks:176 - ✓ Loaded 59 rules for RBI
2025-11-08 14:17:36 - audit_service - INFO - _load_frameworks:176 - ✓ Loaded 53 rules for CIS
2025-11-08 14:17:36 - audit_service - INFO - _load_frameworks:176 - ✓ Loaded 60 rules for ISO27001
2025-11-08 14:17:36 - audit_service - INFO - _load_frameworks:176 - ✓ Loaded 59 rules for RBI
2025-11-08 14:18:16 - audit_service - INFO - _load_frameworks:176 - ✓ Loaded 53 rules for CIS
2025-11-08 14:18:16 - audit_service - INFO - _load_frameworks:176 - ✓ Loaded 60 rules for ISO27001
2025-11-08 14:18:16 - audit_service - INFO - _load_frameworks:176 - ✓ Loaded 59 rules for RBI
2025-11-08 14:23:35 - audit_service - INFO - _load_frameworks:176 - ✓ Loaded 53 rules for CIS
2025-11-08 14:23:35 - audit_service - INFO - _load_frameworks:176 - ✓ Loaded 60 rules for ISO27001
2025-11-08 14:23:35 - audit_service - INFO - _load_frameworks:176 - ✓ Loaded 59 rules for RBI
2025-11-08 14:26:24 - audit_service - INFO - _load_frameworks:176 - ✓ Loaded 53 rules for CIS
2025-11-08 14:26:24 - audit_service - INFO - _load_frameworks:176 - ✓ Loaded 60 rules for ISO27001
2025-11-08 14:26:24 - audit_service - INFO - _load_frameworks:176 - ✓ Loaded 59 rules for RBI
2025-11-08 14:34:54 - audit_service - INFO - _load_frameworks:176 - ✓ Loaded 53 rules for CIS
2025-11-08 14:34:54 - audit_service - INFO - _load_frameworks:176 - ✓ Loaded 60 rules for ISO27001
2025-11-08 14:34:54 - audit_service - INFO - _load_frameworks:176 - ✓ Loaded 59 rules for RBI
2025-11-08 14:37:28 - audit_service - INFO - _load_frameworks:176 - ✓ Loaded 53 rules for CIS
2025-11-08 14:37:28 - audit_service - INFO - _load_frameworks:176 - ✓ Loaded 60 rules for ISO27001
2025-11-08 14:37:28 - audit_service - INFO - _load_frameworks:176 - ✓ Loaded 59 rules for RBI
2025-11-08 14:41:33 - audit_service - INFO - _load_frameworks:176 - ✓ Loaded 53 rules for CIS
2025-11-08 14:41:33 - audit_service - INFO - _load_frameworks:176 - ✓ Loaded 60 rules for ISO27001
2025-11-08 14:41:33 - audit_service - INFO - _load_frameworks:176 - ✓ Loaded 59 rules for RBI
2025-11-08 14:47:32 - audit_service - INFO - _load_frameworks:176 - ✓ Loaded 53 rules for CIS
2025-11-08 14:47:32 - audit_service - INFO - _load_frameworks:176 - ✓ Loaded 60 rules for ISO27001
2025-11-08 14:47:32 - audit_service - INFO - _load_frameworks:176 - ✓ Loaded 59 rules for RBI
2025-11-08 15:36:40 - audit_service - INFO - _load_frameworks:176 - ✓ Loaded 53 rules for CIS
2025-11-08 15:36:40 - audit_service - INFO - _load_frameworks:176 - ✓ Loaded 60 rules for ISO27001
2025-11-08 15:36:40 - audit_service - INFO - _load_frameworks:176 - ✓ Loaded 59 rules for RBI
2025-11-08 15:41:33 - audit_service - INFO - _load_frameworks:176 - ✓ Loaded 53 rules for CIS
2025-11-08 15:41:33 - audit_service - INFO - _load_frameworks:176 - ✓ Loaded 60 rules for ISO27001
2025-11-08 15:41:33 - audit_service - INFO - _load_frameworks:176 - ✓ Loaded 59 rules for RBI
2025-11-08 15:45:41 - audit_service - INFO - _load_frameworks:176 - ✓ Loaded 53 rules for CIS
2025-11-08 15:45:41 - audit_service - INFO - _load_frameworks:176 - ✓ Loaded 60 rules for ISO27001
2025-11-08 15:45:41 - audit_service - INFO - _load_frameworks:176 - ✓ Loaded 59 rules for RBI
2025-11-08 15:50:38 - audit_service - INFO - _load_frameworks:176 - ✓ Loaded 53 rules for CIS
2025-11-08 15:50:38 - audit_service - INFO - _load_frameworks:176 - ✓ Loaded 60 rules for ISO27001
2025-11-08 15:50:38 - audit_service - INFO - _load_frameworks:176 - ✓ Loaded 59 rules for RBI
2025-11-08 15:52:11 - audit_service - INFO - _load_frameworks:176 - ✓ Loaded 53 rules for CIS
2025-11-08 15:52:11 - audit_service - INFO - _load_frameworks:176 - ✓ Loaded 60 rules for ISO27001
2025-11-08 15:52:11 - audit_service - INFO - _load_frameworks:176 - ✓ Loaded 59 rules for RBI
2025-11-08 15:56:33 - audit_service - INFO - _load_frameworks:176 - ✓ Loaded 53 rules for CIS
2025-11-08 15:56:33 - audit_service - INFO - _load_frameworks:176 - ✓ Loaded 60 rules for ISO27001
2025-11-08 15:56:33 - audit_service - INFO - _load_frameworks:176 - ✓ Loaded 59 rules for RBI
2025-11-08 16:00:17 - audit_service - INFO - _load_frameworks:176 - ✓ Loaded 53 rules for CIS
2025-11-08 16:00:17 - audit_service - INFO - _load_frameworks:176 - ✓ Loaded 60 rules for ISO27001
2025-11-08 16:00:17 - audit_service - INFO - _load_frameworks:176 - ✓ Loaded 59 rules for RBI
2025-11-08 16:16:59 - audit_service - INFO - _load_frameworks:176 - ✓ Loaded 53 rules for CIS
2025-11-08 16:16:59 - audit_service - INFO - _load_frameworks:176 - ✓ Loaded 60 rules for ISO27001
2025-11-08 16:16:59 - audit_service - INFO - _load_frameworks:176 - ✓ Loaded 59 rules for RBI
2025-11-08 16:33:26 - audit_service - INFO - _load_frameworks:176 - ✓ Loaded 53 rules for CIS
2025-11-08 16:33:26 - audit_service - INFO - _load_frameworks:176 - ✓ Loaded 60 rules for ISO27001
2025-11-08 16:33:26 - audit_service - INFO - _load_frameworks:176 - ✓ Loaded 59 rules for RBI
2025-11-08 16:59:55 - audit_service - INFO - _load_frameworks:176 - ✓ Loaded 53 rules for CIS
2025-11-08 16:59:55 - audit_service - INFO - _load_frameworks:176 - ✓ Loaded 60 rules for ISO27001
2025-11-08 16:59:55 - audit_service - INFO - _load_frameworks:176 - ✓ Loaded 59 rules for RBI
2025-11-08 17:04:11 - audit_service - INFO - _load_frameworks:176 - ✓ Loaded 53 rules for CIS
2025-11-08 17:04:11 - audit_service - INFO - _load_frameworks:176 - ✓ Loaded 60 rules for ISO27001
2025-11-08 17:04:11 - audit_service - INFO - _load_frameworks:176 - ✓ Loaded 59 rules for RBI
2025-11-08 17:06:17 - audit_service - INFO - _load_frameworks:176 - ✓ Loaded 53 rules for CIS
2025-11-08 17:06:17 - audit_service - INFO - _load_frameworks:176 - ✓ Loaded 60 rules for ISO27001
2025-11-08 17:06:17 - audit_service - INFO - _load_frameworks:176 - ✓ Loaded 59 rules for RBI
2025-11-08 17:09:47 - audit_service - INFO - _load_frameworks:176 - ✓ Loaded 53 rules for CIS
2025-11-08 17:09:47 - audit_service - INFO - _load_frameworks:176 - ✓ Loaded 60 rules for ISO27001
2025-11-08 17:09:47 - audit_service - INFO - _load_frameworks:176 - ✓ Loaded 59 rules for RBI
2025-11-08 17:28:59 - audit_service - INFO - _load_frameworks:176 - ✓ Loaded 53 rules for CIS
2025-11-08 17:28:59 - audit_service - INFO - _load_frameworks:176 - ✓ Loaded 60 rules for ISO27001
2025-11-08 17:28:59 - audit_service - INFO - _load_frameworks:176 - ✓ Loaded 59 rules for RBI
2025-11-08 17:46:31 - audit_service - INFO - _load_frameworks:176 - ✓ Loaded 53 rules for CIS
2025-11-08 17:46:31 - audit_service - INFO - _load_frameworks:176 - ✓ Loaded 60 rules for ISO27001
2025-11-08 17:46:31 - audit_service - INFO - _load_frameworks:176 - ✓ Loaded 59 rules for RBI
2025-11-08 18:26:05 - audit_service - INFO - _load_frameworks:176 - ✓ Loaded 53 rules for CIS
2025-11-08 18:26:05 - audit_service - INFO - _load_frameworks:176 - ✓ Loaded 60 rules for ISO27001
2025-11-08 18:26:05 - audit_service - INFO - _load_frameworks:176 - ✓ Loaded 59 rules for RBI
2025-11-08 18:38:04 - audit_service - INFO - _load_frameworks:176 - ✓ Loaded 53 rules for CIS
2025-11-08 18:38:04 - audit_service - INFO - _load_frameworks:176 - ✓ Loaded 60 rules for ISO27001
2025-11-08 18:38:04 - audit_service - INFO - _load_frameworks:176 - ✓ Loaded 59 rules for RBI
2025-11-08 18:40:13 - audit_service - INFO - _load_frameworks:176 - ✓ Loaded 53 rules for CIS
2025-11-08 18:40:13 - audit_service - INFO - _load_frameworks:176 - ✓ Loaded 60 rules for ISO27001
2025-11-08 18:40:13 - audit_service - INFO - _load_frameworks:176 - ✓ Loaded 59 rules for RBI
2025-11-08 18:41:29 - audit_service - INFO - _load_frameworks:176 - ✓ Loaded 53 rules for CIS
2025-11-08 18:41:29 - audit_service - INFO - _load_frameworks:176 - ✓ Loaded 60 rules for ISO27001
2025-11-08 18:41:29 - audit_service - INFO - _load_frameworks:176 - ✓ Loaded 59 rules for RBI
2025-11-08 18:42:33 - audit_service - INFO - _load_frameworks:176 - ✓ Loaded 53 rules for CIS
2025-11-08 18:42:33 - audit_service - INFO - _load_frameworks:176 - ✓ Loaded 60 rules for ISO27001
2025-11-08 18:42:33 - audit_service - INFO - _load_frameworks:176 - ✓ Loaded 59 rules for RBI
2025-11-08 18:43:41 - audit_service - INFO - _load_frameworks:176 - ✓ Loaded 53 rules for CIS
2025-11-08 18:43:41 - audit_service - INFO - _load_frameworks:176 - ✓ Loaded 60 rules for ISO27001
2025-11-08 18:43:41 - audit_service - INFO - _load_frameworks:176 - ✓ Loaded 59 rules for RBI
2025-11-08 19:21:17 - audit_service - INFO - _load_frameworks:176 - ✓ Loaded 53 rules for CIS
2025-11-08 19:21:17 - audit_service - INFO - _load_frameworks:176 - ✓ Loaded 60 rules for ISO27001
2025-11-08 19:21:17 - audit_service - INFO - _load_frameworks:176 - ✓ Loaded 59 rules for RBI
2025-11-08 19:56:26 - audit_service - INFO - _load_frameworks:176 - ✓ Loaded 53 rules for CIS
2025-11-08 19:56:26 - audit_service - INFO - _load_frameworks:176 - ✓ Loaded 60 rules for ISO27001
2025-11-08 19:56:26 - audit_service - INFO - _load_frameworks:176 - ✓ Loaded 59 rules for RBI
2025-11-08 23:02:38 - audit_service - INFO - _load_frameworks:176 - ✓ Loaded 53 rules for CIS
2025-11-08 23:02:38 - audit_service - INFO - _load_frameworks:176 - ✓ Loaded 60 rules for ISO27001
2025-11-08 23:02:38 - audit_service - INFO - _load_frameworks:176 - ✓ Loaded 59 rules for RBI
2025-11-08 23:04:07 - audit_service - INFO - _load_frameworks:176 - ✓ Loaded 53 rules for CIS
2025-11-08 23:04:07 - audit_service - INFO - _load_frameworks:176 - ✓ Loaded 60 rules for ISO27001
2025-11-08 23:04:07 - audit_service - INFO - _load_frameworks:176 - ✓ Loaded 59 rules for RBI
2025-11-08 23:16:30 - audit_service - INFO - _load_frameworks:176 - ✓ Loaded 53 rules for CIS
2025-11-08 23:16:30 - audit_service - INFO - _load_frameworks:176 - ✓ Loaded 60 rules for ISO27001
2025-11-08 23:16:30 - audit_service - INFO - _load_frameworks:176 - ✓ Loaded 59 rules for RBI
2025-11-08 23:34:55 - audit_service - INFO - _load_frameworks:176 - ✓ Loaded 53 rules for CIS
2025-11-08 23:34:55 - audit_service - INFO - _load_frameworks:176 - ✓ Loaded 60 rules for ISO27001
2025-11-08 23:34:55 - audit_service - INFO - _load_frameworks:176 - ✓ Loaded 59 rules for RBI
2025-11-08 23:57:50 - audit_service - INFO - _load_frameworks:176 - ✓ Loaded 53 rules for CIS
2025-11-08 23:57:50 - audit_service - INFO - _load_frameworks:176 - ✓ Loaded 60 rules for ISO27001
2025-11-08 23:57:50 - audit_service - INFO - _load_frameworks:176 - ✓ Loaded 59 rules for RBI
2025-11-09 00:53:18 - audit_service - INFO - _load_frameworks:176 - ✓ Loaded 53 rules for CIS
2025-11-09 00:53:18 - audit_service - INFO - _load_frameworks:176 - ✓ Loaded 60 rules for ISO27001
2025-11-09 00:53:18 - audit_service - INFO - _load_frameworks:176 - ✓ Loaded 59 rules for RBI
2025-11-09 01:02:11 - audit_service - INFO - _load_frameworks:176 - ✓ Loaded 53 rules for CIS
2025-11-09 01:02:11 - audit_service - INFO - _load_frameworks:176 - ✓ Loaded 60 rules for ISO27001
2025-11-09 01:02:11 - audit_service - INFO - _load_frameworks:176 - ✓ Loaded 59 rules for RBI
2025-11-09 01:29:37 - audit_service - INFO - _load_frameworks:176 - ✓ Loaded 53 rules for CIS
2025-11-09 01:29:37 - audit_service - INFO - _load_frameworks:176 - ✓ Loaded 60 rules for ISO27001
2025-11-09 01:29:37 - audit_service - INFO - _load_frameworks:176 - ✓ Loaded 59 rules for RBI
2025-11-09 01:45:30 - audit_service - INFO - _load_frameworks:176 - ✓ Loaded 53 rules for CIS
2025-11-09 01:45:30 - audit_service - INFO - _load_frameworks:176 - ✓ Loaded 60 rules for ISO27001
2025-11-09 01:45:30 - audit_service - INFO - _load_frameworks:176 - ✓ Loaded 59 rules for RBI
2025-11-09 02:18:35 - audit_service - INFO - _load_frameworks:176 - ✓ Loaded 53 rules for CIS
2025-11-09 02:18:35 - audit_service - INFO - _load_frameworks:176 - ✓ Loaded 60 rules for ISO27001
2025-11-09 02:18:35 - audit_service - INFO - _load_frameworks:176 - ✓ Loaded 59 rules for RBI
2025-11-09 02:29:29 - audit_service - INFO - _load_frameworks:176 - ✓ Loaded 53 rules for CIS
2025-11-09 02:29:29 - audit_service - INFO - _load_frameworks:176 - ✓ Loaded 60 rules for ISO27001
2025-11-09 02:29:29 - audit_service - INFO - _load_frameworks:176 - ✓ Loaded 59 rules for RBI
2025-11-09 03:12:19 - audit_service - INFO - _load_frameworks:176 - ✓ Loaded 53 rules for CIS
2025-11-09 03:12:19 - audit_service - INFO - _load_frameworks:176 - ✓ Loaded 60 rules for ISO27001
2025-11-09 03:12:19 - audit_service - INFO - _load_frameworks:176 - ✓ Loaded 59 rules for RBI
